  Validating sources
  Copying sources remotely to '192.168.0.114'
  Validating architecture
  Validating architecture
  Starting remote build
  Compiling sources:
  EditMedicinePage.cpp
C:\repos\SmartDispenser\Gui\Page.h(39,22): warning : comparison of integer expressions of different signedness: ‘int’ and ‘std::vector<Gui::Gui*>::size_type’ {aka ‘unsigned int’} [-Wsign-compare]
C:\repos\SmartDispenser\Gui\Page.h(39,22): warning :    39 |    for (int i = 0; i < m_GuiBlocks.size(); i++)
C:\repos\SmartDispenser\Gui\Page.h(39,22): warning :       |                    ~~^~~~~~~~~~~~~~~~~~~~
C:\repos\SmartDispenser\Gui\Page.h(40,5): warning : deleting object of abstract class type ‘Gui::Gui’ which has non-virtual destructor will cause undefined behavior [-Wdelete-non-virtual-dtor]
C:\repos\SmartDispenser\Gui\Page.h(40,5): warning :    40 |     delete m_GuiBlocks[i];
C:\repos\SmartDispenser\Gui\Page.h(40,5): warning :       |     ^~~~~~~~~~~~~~~~~~~~~
C:\repos\SmartDispenser\Page\EditMedicinePage.h(74,23): warning : ‘Page::EditMedicinePage::m_Database’ will be initialized after [-Wreorder]
C:\repos\SmartDispenser\Page\EditMedicinePage.h(71,20): warning : ‘Gui::EditButton* Page::EditMedicinePage::m_NameButton’ [-Wreorder]
C:\repos\SmartDispenser\Page\EditMedicinePage.cpp(15,2): warning : when initialized here [-Wreorder]
C:\repos\SmartDispenser\Page\EditMedicinePage.h(73,20): warning : ‘Page::EditMedicinePage::m_AmountButton’ will be initialized after [-Wreorder]
C:\repos\SmartDispenser\Page\EditMedicinePage.h(70,20): warning : ‘Dto::MedicineDto Page::EditMedicinePage::m_OriginalMedicine’ [-Wreorder]
C:\repos\SmartDispenser\Page\EditMedicinePage.cpp(15,2): warning : when initialized here [-Wreorder]
  Linking objects
  SmartDispenser.vcxproj -> C:\repos\SmartDispenser\bin\ARM\Debug\SmartDispenser.out
